{"message":"subGenerators.includes('component.js')","level":"info","service":"user-service"}
{"message":{},"level":"info","service":"user-service"}
{"message":"subGenerators.includes('component.js')","level":"info","service":"user-service"}
{"message":{},"level":"info","service":"user-service"}
{"message":"subGenerators.includes('component.js')","level":"info","service":"user-service"}
{"message":{},"level":"info","service":"user-service"}
{"message":"subGenerators.includes('component.tests.js')","level":"info","service":"user-service"}
{"message":{},"level":"info","service":"user-service"}
{"message":"subGenerators.includes('component.tests.js')","level":"info","service":"user-service"}
{"message":{},"level":"info","service":"user-service"}
{"message":"subGenerators.includes('component.doc.md')","level":"info","service":"user-service"}
{"message":{},"level":"info","service":"user-service"}
{"message":"subGenerators.includes('component.doc.md')","level":"info","service":"user-service"}
{"message":{},"level":"info","service":"user-service"}
{"message":"subGenerators.includes('component.js')","level":"info","service":"user-service"}
{"message":{},"level":"info","service":"user-service"}
{"message":"subGenerators.includes('component.js')","level":"info","service":"user-service"}
{"message":{},"level":"info","service":"user-service"}
{"message":"subGenerators.includes('component.js')","level":"info","service":"user-service"}
{"message":{},"level":"info","service":"user-service"}
{"message":"subGenerators.includes('component.tests.js')","level":"info","service":"user-service"}
{"message":{},"level":"info","service":"user-service"}
{"message":"subGenerators.includes('component.tests.js')","level":"info","service":"user-service"}
{"message":{},"level":"info","service":"user-service"}
{"message":"subGenerators.includes('component.doc.md')","level":"info","service":"user-service"}
{"message":{},"level":"info","service":"user-service"}
{"message":"subGenerators.includes('component.doc.md')","level":"info","service":"user-service"}
{"message":{},"level":"info","service":"user-service"}
{"message":"subGenerators.includes('component.js')","level":"info","service":"user-service"}
{"message":{"subGenerators":["component.js","component.tests.js"]},"level":"info","service":"user-service"}
{"message":"subGenerators.includes('component.js')","level":"info","service":"user-service"}
{"message":{"subGenerators":["component.js","component.tests.js"]},"level":"info","service":"user-service"}
{"message":"subGenerators.includes('component.js')","level":"info","service":"user-service"}
{"message":{"subGenerators":["component.js","component.tests.js"]},"level":"info","service":"user-service"}
{"message":"subGenerators.includes('component.tests.js')","level":"info","service":"user-service"}
{"message":{"subGenerators":["component.js","component.tests.js"]},"level":"info","service":"user-service"}
{"message":"subGenerators.includes('component.tests.js')","level":"info","service":"user-service"}
{"message":{"subGenerators":["component.js","component.tests.js"]},"level":"info","service":"user-service"}
{"message":"subGenerators.includes('component.doc.md')","level":"info","service":"user-service"}
{"message":{"subGenerators":["component.js","component.tests.js"]},"level":"info","service":"user-service"}
{"message":"subGenerators.includes('component.doc.md')","level":"info","service":"user-service"}
{"message":{"subGenerators":["component.js","component.tests.js"]},"level":"info","service":"user-service"}
{"message":"subGenerators.includes('component.js')","level":"info","service":"user-service"}
{"message":{"subGenerators":["component.js","component.tests.js"],"name":""},"level":"info","service":"user-service"}
{"message":"subGenerators.includes('component.js')","level":"info","service":"user-service"}
{"message":{"subGenerators":["component.js","component.tests.js"],"name":""},"level":"info","service":"user-service"}
{"message":"subGenerators.includes('component.js')","level":"info","service":"user-service"}
{"message":{"subGenerators":["component.js","component.tests.js"],"name":""},"level":"info","service":"user-service"}
{"message":"subGenerators.includes('component.tests.js')","level":"info","service":"user-service"}
{"message":{"subGenerators":["component.js","component.tests.js"],"name":""},"level":"info","service":"user-service"}
{"message":"subGenerators.includes('component.tests.js')","level":"info","service":"user-service"}
{"message":{"subGenerators":["component.js","component.tests.js"],"name":""},"level":"info","service":"user-service"}
{"message":"subGenerators.includes('component.doc.md')","level":"info","service":"user-service"}
{"message":{"subGenerators":["component.js","component.tests.js"],"name":""},"level":"info","service":"user-service"}
{"message":"subGenerators.includes('component.doc.md')","level":"info","service":"user-service"}
{"message":{"subGenerators":["component.js","component.tests.js"],"name":""},"level":"info","service":"user-service"}
{"message":"subGenerators.includes('component.js')","level":"info","service":"user-service"}
{"message":{"subGenerators":["component.js","component.tests.js"],"name":"","materialUIimports":[]},"level":"info","service":"user-service"}
{"message":"subGenerators.includes('component.js')","level":"info","service":"user-service"}
{"message":{"subGenerators":["component.js","component.tests.js"],"name":"","materialUIimports":[]},"level":"info","service":"user-service"}
{"message":"subGenerators.includes('component.js')","level":"info","service":"user-service"}
{"message":{"subGenerators":["component.js","component.tests.js"],"name":"","materialUIimports":[]},"level":"info","service":"user-service"}
{"message":"subGenerators.includes('component.tests.js')","level":"info","service":"user-service"}
{"message":{"subGenerators":["component.js","component.tests.js"],"name":"","materialUIimports":[]},"level":"info","service":"user-service"}
{"message":"subGenerators.includes('component.tests.js')","level":"info","service":"user-service"}
{"message":{"subGenerators":["component.js","component.tests.js"],"name":"","materialUIimports":[]},"level":"info","service":"user-service"}
{"message":"subGenerators.includes('component.doc.md')","level":"info","service":"user-service"}
{"message":{"subGenerators":["component.js","component.tests.js"],"name":"","materialUIimports":[]},"level":"info","service":"user-service"}
{"message":"subGenerators.includes('component.doc.md')","level":"info","service":"user-service"}
{"message":{"subGenerators":["component.js","component.tests.js"],"name":"","materialUIimports":[]},"level":"info","service":"user-service"}
{"message":"subGenerators.includes('component.js')","level":"info","service":"user-service"}
{"message":{"subGenerators":["component.js","component.tests.js"],"name":"","materialUIimports":[],"styles":[{"css":"kjkj"}]},"level":"info","service":"user-service"}
{"message":"subGenerators.includes('component.js')","level":"info","service":"user-service"}
{"message":{"subGenerators":["component.js","component.tests.js"],"name":"","materialUIimports":[],"styles":[{"css":"kjkj"}]},"level":"info","service":"user-service"}
{"message":"subGenerators.includes('component.js')","level":"info","service":"user-service"}
{"message":{"subGenerators":["component.js","component.tests.js"],"name":"","materialUIimports":[],"styles":[{"css":"kjkj"}]},"level":"info","service":"user-service"}
{"message":"subGenerators.includes('component.tests.js')","level":"info","service":"user-service"}
{"message":{"subGenerators":["component.js","component.tests.js"],"name":"","materialUIimports":[],"styles":[{"css":"kjkj"}]},"level":"info","service":"user-service"}
{"message":"subGenerators.includes('component.tests.js')","level":"info","service":"user-service"}
{"message":{"subGenerators":["component.js","component.tests.js"],"name":"","materialUIimports":[],"styles":[{"css":"kjkj"}]},"level":"info","service":"user-service"}
{"message":"subGenerators.includes('component.doc.md')","level":"info","service":"user-service"}
{"message":{"subGenerators":["component.js","component.tests.js"],"name":"","materialUIimports":[],"styles":[{"css":"kjkj"}]},"level":"info","service":"user-service"}
{"message":"subGenerators.includes('component.doc.md')","level":"info","service":"user-service"}
{"message":{"subGenerators":["component.js","component.tests.js"],"name":"","materialUIimports":[],"styles":[{"css":"kjkj"}]},"level":"info","service":"user-service"}
